2026-03-01 01:36:33.137 +05:30 [INF] [fb806db8] HTTP OPTIONS /api/v1/auth/login started {"SourceContext":"MyAccount.Shared.Logging.LoggingMiddleware","RequestId":"0HNJN0JF5TAP3:00000001","RequestPath":"/api/v1/auth/login","ConnectionId":"0HNJN0JF5TAP3","MachineName":"INLPF5TEKBD","ThreadId":15}
2026-03-01 01:36:33.170 +05:30 [INF] [fb806db8] HTTP OPTIONS /api/v1/auth/login responded 204 in 33ms {"SourceContext":"MyAccount.Shared.Logging.LoggingMiddleware","RequestId":"0HNJN0JF5TAP3:00000001","RequestPath":"/api/v1/auth/login","ConnectionId":"0HNJN0JF5TAP3","MachineName":"INLPF5TEKBD","ThreadId":15}
2026-03-01 01:36:33.220 +05:30 [INF] [5d3bf245] HTTP POST /api/v1/auth/login started {"SourceContext":"MyAccount.Shared.Logging.LoggingMiddleware","RequestId":"0HNJN0JF5TAP3:00000002","RequestPath":"/api/v1/auth/login","ConnectionId":"0HNJN0JF5TAP3","MachineName":"INLPF5TEKBD","ThreadId":16}
2026-03-01 01:36:33.286 +05:30 [INF] Login attempt for user: john.doe {"SourceContext":"MyAccount.Api.Services.AuthService","RequestId":"0HNJN0JF5TAP3:00000002","RequestPath":"/api/v1/auth/login","ConnectionId":"0HNJN0JF5TAP3","MachineName":"INLPF5TEKBD","ThreadId":16}
2026-03-01 01:36:33.303 +05:30 [INF] Login successful for user: john.doe {"SourceContext":"MyAccount.Api.Services.AuthService","RequestId":"0HNJN0JF5TAP3:00000002","RequestPath":"/api/v1/auth/login","ConnectionId":"0HNJN0JF5TAP3","MachineName":"INLPF5TEKBD","ThreadId":16}
2026-03-01 01:36:33.350 +05:30 [INF] [5d3bf245] HTTP POST /api/v1/auth/login responded 200 in 129ms {"SourceContext":"MyAccount.Shared.Logging.LoggingMiddleware","RequestId":"0HNJN0JF5TAP3:00000002","RequestPath":"/api/v1/auth/login","ConnectionId":"0HNJN0JF5TAP3","MachineName":"INLPF5TEKBD","ThreadId":16}
2026-03-01 01:36:33.383 +05:30 [INF] [46ccc3e4] HTTP OPTIONS /api/v1/notifications started {"SourceContext":"MyAccount.Shared.Logging.LoggingMiddleware","RequestId":"0HNJN0JF5TAP3:00000003","RequestPath":"/api/v1/notifications","ConnectionId":"0HNJN0JF5TAP3","MachineName":"INLPF5TEKBD","ThreadId":15}
2026-03-01 01:36:33.403 +05:30 [INF] [46ccc3e4] HTTP OPTIONS /api/v1/notifications responded 204 in 19ms {"SourceContext":"MyAccount.Shared.Logging.LoggingMiddleware","RequestId":"0HNJN0JF5TAP3:00000003","RequestPath":"/api/v1/notifications","ConnectionId":"0HNJN0JF5TAP3","MachineName":"INLPF5TEKBD","ThreadId":15}
2026-03-01 01:36:33.424 +05:30 [INF] [2bce0948] HTTP OPTIONS /api/v1/games started {"SourceContext":"MyAccount.Shared.Logging.LoggingMiddleware","RequestId":"0HNJN0JF5TAP4:00000001","RequestPath":"/api/v1/games","ConnectionId":"0HNJN0JF5TAP4","MachineName":"INLPF5TEKBD","ThreadId":18}
2026-03-01 01:36:33.428 +05:30 [INF] [85892e90] HTTP GET /api/v1/notifications started {"SourceContext":"MyAccount.Shared.Logging.LoggingMiddleware","RequestId":"0HNJN0JF5TAP3:00000004","RequestPath":"/api/v1/notifications","ConnectionId":"0HNJN0JF5TAP3","MachineName":"INLPF5TEKBD","ThreadId":15}
2026-03-01 01:36:33.441 +05:30 [INF] [2bce0948] HTTP OPTIONS /api/v1/games responded 204 in 17ms {"SourceContext":"MyAccount.Shared.Logging.LoggingMiddleware","RequestId":"0HNJN0JF5TAP4:00000001","RequestPath":"/api/v1/games","ConnectionId":"0HNJN0JF5TAP4","MachineName":"INLPF5TEKBD","ThreadId":18}
2026-03-01 01:36:33.453 +05:30 [WRN] [85892e90] HTTP GET /api/v1/notifications responded 404 in 24ms {"SourceContext":"MyAccount.Shared.Logging.LoggingMiddleware","RequestId":"0HNJN0JF5TAP3:00000004","RequestPath":"/api/v1/notifications","ConnectionId":"0HNJN0JF5TAP3","MachineName":"INLPF5TEKBD","ThreadId":15}
2026-03-01 01:36:33.468 +05:30 [INF] [662d1298] HTTP GET /api/v1/games started {"SourceContext":"MyAccount.Shared.Logging.LoggingMiddleware","RequestId":"0HNJN0JF5TAP4:00000002","RequestPath":"/api/v1/games","ConnectionId":"0HNJN0JF5TAP4","MachineName":"INLPF5TEKBD","ThreadId":19}
2026-03-01 01:36:33.502 +05:30 [INF] Getting all games {"SourceContext":"MyAccount.Api.Features.Games.GameEndpoints","RequestId":"0HNJN0JF5TAP4:00000002","RequestPath":"/api/v1/games","ConnectionId":"0HNJN0JF5TAP4","MachineName":"INLPF5TEKBD","ThreadId":19}
2026-03-01 01:36:33.528 +05:30 [INF] [662d1298] HTTP GET /api/v1/games responded 200 in 59ms {"SourceContext":"MyAccount.Shared.Logging.LoggingMiddleware","RequestId":"0HNJN0JF5TAP4:00000002","RequestPath":"/api/v1/games","ConnectionId":"0HNJN0JF5TAP4","MachineName":"INLPF5TEKBD","ThreadId":19}
2026-03-01 01:36:39.402 +05:30 [INF] [cd559b6a] HTTP OPTIONS /api/v1/games/2048/start started {"SourceContext":"MyAccount.Shared.Logging.LoggingMiddleware","RequestId":"0HNJN0JF5TAP4:00000003","RequestPath":"/api/v1/games/2048/start","ConnectionId":"0HNJN0JF5TAP4","MachineName":"INLPF5TEKBD","ThreadId":16}
2026-03-01 01:36:39.428 +05:30 [INF] [cd559b6a] HTTP OPTIONS /api/v1/games/2048/start responded 204 in 26ms {"SourceContext":"MyAccount.Shared.Logging.LoggingMiddleware","RequestId":"0HNJN0JF5TAP4:00000003","RequestPath":"/api/v1/games/2048/start","ConnectionId":"0HNJN0JF5TAP4","MachineName":"INLPF5TEKBD","ThreadId":16}
2026-03-01 01:36:39.457 +05:30 [INF] [fa48b408] HTTP POST /api/v1/games/2048/start started {"SourceContext":"MyAccount.Shared.Logging.LoggingMiddleware","RequestId":"0HNJN0JF5TAP4:00000004","RequestPath":"/api/v1/games/2048/start","ConnectionId":"0HNJN0JF5TAP4","MachineName":"INLPF5TEKBD","ThreadId":18}
2026-03-01 01:36:39.492 +05:30 [INF] [fa48b408] HTTP POST /api/v1/games/2048/start responded 200 in 35ms {"SourceContext":"MyAccount.Shared.Logging.LoggingMiddleware","RequestId":"0HNJN0JF5TAP4:00000004","RequestPath":"/api/v1/games/2048/start","ConnectionId":"0HNJN0JF5TAP4","MachineName":"INLPF5TEKBD","ThreadId":18}
2026-03-01 01:37:01.661 +05:30 [INF] [7faf451f] HTTP OPTIONS /api/v1/games started {"SourceContext":"MyAccount.Shared.Logging.LoggingMiddleware","RequestId":"0HNJN0JF5TAP4:00000005","RequestPath":"/api/v1/games","ConnectionId":"0HNJN0JF5TAP4","MachineName":"INLPF5TEKBD","ThreadId":15}
2026-03-01 01:37:01.684 +05:30 [INF] [7faf451f] HTTP OPTIONS /api/v1/games responded 204 in 22ms {"SourceContext":"MyAccount.Shared.Logging.LoggingMiddleware","RequestId":"0HNJN0JF5TAP4:00000005","RequestPath":"/api/v1/games","ConnectionId":"0HNJN0JF5TAP4","MachineName":"INLPF5TEKBD","ThreadId":15}
2026-03-01 01:37:01.707 +05:30 [INF] [1b36138c] HTTP GET /api/v1/games started {"SourceContext":"MyAccount.Shared.Logging.LoggingMiddleware","RequestId":"0HNJN0JF5TAP4:00000006","RequestPath":"/api/v1/games","ConnectionId":"0HNJN0JF5TAP4","MachineName":"INLPF5TEKBD","ThreadId":15}
2026-03-01 01:37:01.725 +05:30 [INF] Getting all games {"SourceContext":"MyAccount.Api.Features.Games.GameEndpoints","RequestId":"0HNJN0JF5TAP4:00000006","RequestPath":"/api/v1/games","ConnectionId":"0HNJN0JF5TAP4","MachineName":"INLPF5TEKBD","ThreadId":15}
2026-03-01 01:37:01.741 +05:30 [INF] [1b36138c] HTTP GET /api/v1/games responded 200 in 33ms {"SourceContext":"MyAccount.Shared.Logging.LoggingMiddleware","RequestId":"0HNJN0JF5TAP4:00000006","RequestPath":"/api/v1/games","ConnectionId":"0HNJN0JF5TAP4","MachineName":"INLPF5TEKBD","ThreadId":15}
2026-03-01 01:37:03.943 +05:30 [INF] [482546a0] HTTP OPTIONS /api/v1/games/history started {"SourceContext":"MyAccount.Shared.Logging.LoggingMiddleware","RequestId":"0HNJN0JF5TAP4:00000007","RequestPath":"/api/v1/games/history","ConnectionId":"0HNJN0JF5TAP4","MachineName":"INLPF5TEKBD","ThreadId":15}
2026-03-01 01:37:03.971 +05:30 [INF] [482546a0] HTTP OPTIONS /api/v1/games/history responded 204 in 27ms {"SourceContext":"MyAccount.Shared.Logging.LoggingMiddleware","RequestId":"0HNJN0JF5TAP4:00000007","RequestPath":"/api/v1/games/history","ConnectionId":"0HNJN0JF5TAP4","MachineName":"INLPF5TEKBD","ThreadId":15}
2026-03-01 01:37:03.991 +05:30 [INF] [07ee97b6] HTTP GET /api/v1/games/history started {"SourceContext":"MyAccount.Shared.Logging.LoggingMiddleware","RequestId":"0HNJN0JF5TAP4:00000008","RequestPath":"/api/v1/games/history","ConnectionId":"0HNJN0JF5TAP4","MachineName":"INLPF5TEKBD","ThreadId":16}
2026-03-01 01:37:04.014 +05:30 [INF] Getting game history for user user123, page 1 {"SourceContext":"MyAccount.Api.Features.Games.GameEndpoints","RequestId":"0HNJN0JF5TAP4:00000008","RequestPath":"/api/v1/games/history","ConnectionId":"0HNJN0JF5TAP4","MachineName":"INLPF5TEKBD","ThreadId":16}
2026-03-01 01:37:04.056 +05:30 [INF] [07ee97b6] HTTP GET /api/v1/games/history responded 200 in 65ms {"SourceContext":"MyAccount.Shared.Logging.LoggingMiddleware","RequestId":"0HNJN0JF5TAP4:00000008","RequestPath":"/api/v1/games/history","ConnectionId":"0HNJN0JF5TAP4","MachineName":"INLPF5TEKBD","ThreadId":16}
2026-03-01 01:37:07.212 +05:30 [INF] [8c011cb0] HTTP OPTIONS /api/v1/games/history started {"SourceContext":"MyAccount.Shared.Logging.LoggingMiddleware","RequestId":"0HNJN0JF5TAP4:00000009","RequestPath":"/api/v1/games/history","ConnectionId":"0HNJN0JF5TAP4","MachineName":"INLPF5TEKBD","ThreadId":16}
2026-03-01 01:37:07.238 +05:30 [INF] [8c011cb0] HTTP OPTIONS /api/v1/games/history responded 204 in 25ms {"SourceContext":"MyAccount.Shared.Logging.LoggingMiddleware","RequestId":"0HNJN0JF5TAP4:00000009","RequestPath":"/api/v1/games/history","ConnectionId":"0HNJN0JF5TAP4","MachineName":"INLPF5TEKBD","ThreadId":16}
2026-03-01 01:37:07.262 +05:30 [INF] [f5f4575f] HTTP GET /api/v1/games/history started {"SourceContext":"MyAccount.Shared.Logging.LoggingMiddleware","RequestId":"0HNJN0JF5TAP4:0000000A","RequestPath":"/api/v1/games/history","ConnectionId":"0HNJN0JF5TAP4","MachineName":"INLPF5TEKBD","ThreadId":16}
2026-03-01 01:37:07.281 +05:30 [INF] Getting game history for user user123, page 1 {"SourceContext":"MyAccount.Api.Features.Games.GameEndpoints","RequestId":"0HNJN0JF5TAP4:0000000A","RequestPath":"/api/v1/games/history","ConnectionId":"0HNJN0JF5TAP4","MachineName":"INLPF5TEKBD","ThreadId":16}
2026-03-01 01:37:07.298 +05:30 [INF] [f5f4575f] HTTP GET /api/v1/games/history responded 200 in 35ms {"SourceContext":"MyAccount.Shared.Logging.LoggingMiddleware","RequestId":"0HNJN0JF5TAP4:0000000A","RequestPath":"/api/v1/games/history","ConnectionId":"0HNJN0JF5TAP4","MachineName":"INLPF5TEKBD","ThreadId":16}
2026-03-01 01:37:10.290 +05:30 [INF] [cbc8069b] HTTP OPTIONS /api/v1/user/profile started {"SourceContext":"MyAccount.Shared.Logging.LoggingMiddleware","RequestId":"0HNJN0JF5TAP4:0000000B","RequestPath":"/api/v1/user/profile","ConnectionId":"0HNJN0JF5TAP4","MachineName":"INLPF5TEKBD","ThreadId":14}
2026-03-01 01:37:10.309 +05:30 [INF] [cbc8069b] HTTP OPTIONS /api/v1/user/profile responded 204 in 18ms {"SourceContext":"MyAccount.Shared.Logging.LoggingMiddleware","RequestId":"0HNJN0JF5TAP4:0000000B","RequestPath":"/api/v1/user/profile","ConnectionId":"0HNJN0JF5TAP4","MachineName":"INLPF5TEKBD","ThreadId":14}
2026-03-01 01:37:10.324 +05:30 [INF] [24a97282] HTTP GET /api/v1/user/profile started {"SourceContext":"MyAccount.Shared.Logging.LoggingMiddleware","RequestId":"0HNJN0JF5TAP4:0000000C","RequestPath":"/api/v1/user/profile","ConnectionId":"0HNJN0JF5TAP4","MachineName":"INLPF5TEKBD","ThreadId":15}
2026-03-01 01:37:10.342 +05:30 [INF] [24a97282] HTTP GET /api/v1/user/profile responded 200 in 18ms {"SourceContext":"MyAccount.Shared.Logging.LoggingMiddleware","RequestId":"0HNJN0JF5TAP4:0000000C","RequestPath":"/api/v1/user/profile","ConnectionId":"0HNJN0JF5TAP4","MachineName":"INLPF5TEKBD","ThreadId":15}
2026-03-01 01:37:14.986 +05:30 [INF] [338d2936] HTTP OPTIONS /api/v1/games started {"SourceContext":"MyAccount.Shared.Logging.LoggingMiddleware","RequestId":"0HNJN0JF5TAP4:0000000D","RequestPath":"/api/v1/games","ConnectionId":"0HNJN0JF5TAP4","MachineName":"INLPF5TEKBD","ThreadId":16}
2026-03-01 01:37:15.007 +05:30 [INF] [338d2936] HTTP OPTIONS /api/v1/games responded 204 in 20ms {"SourceContext":"MyAccount.Shared.Logging.LoggingMiddleware","RequestId":"0HNJN0JF5TAP4:0000000D","RequestPath":"/api/v1/games","ConnectionId":"0HNJN0JF5TAP4","MachineName":"INLPF5TEKBD","ThreadId":16}
2026-03-01 01:37:15.029 +05:30 [INF] [f09846d6] HTTP GET /api/v1/games started {"SourceContext":"MyAccount.Shared.Logging.LoggingMiddleware","RequestId":"0HNJN0JF5TAP4:0000000E","RequestPath":"/api/v1/games","ConnectionId":"0HNJN0JF5TAP4","MachineName":"INLPF5TEKBD","ThreadId":14}
2026-03-01 01:37:15.039 +05:30 [INF] Getting all games {"SourceContext":"MyAccount.Api.Features.Games.GameEndpoints","RequestId":"0HNJN0JF5TAP4:0000000E","RequestPath":"/api/v1/games","ConnectionId":"0HNJN0JF5TAP4","MachineName":"INLPF5TEKBD","ThreadId":14}
2026-03-01 01:37:15.052 +05:30 [INF] [f09846d6] HTTP GET /api/v1/games responded 200 in 23ms {"SourceContext":"MyAccount.Shared.Logging.LoggingMiddleware","RequestId":"0HNJN0JF5TAP4:0000000E","RequestPath":"/api/v1/games","ConnectionId":"0HNJN0JF5TAP4","MachineName":"INLPF5TEKBD","ThreadId":14}
2026-03-01 01:37:16.186 +05:30 [INF] [3637b49b] HTTP OPTIONS /api/v1/documents started {"SourceContext":"MyAccount.Shared.Logging.LoggingMiddleware","RequestId":"0HNJN0JF5TAP4:0000000F","RequestPath":"/api/v1/documents","ConnectionId":"0HNJN0JF5TAP4","MachineName":"INLPF5TEKBD","ThreadId":14}
2026-03-01 01:37:16.212 +05:30 [INF] [3637b49b] HTTP OPTIONS /api/v1/documents responded 204 in 25ms {"SourceContext":"MyAccount.Shared.Logging.LoggingMiddleware","RequestId":"0HNJN0JF5TAP4:0000000F","RequestPath":"/api/v1/documents","ConnectionId":"0HNJN0JF5TAP4","MachineName":"INLPF5TEKBD","ThreadId":14}
2026-03-01 01:37:16.230 +05:30 [INF] [1303f5aa] HTTP GET /api/v1/documents started {"SourceContext":"MyAccount.Shared.Logging.LoggingMiddleware","RequestId":"0HNJN0JF5TAP4:00000010","RequestPath":"/api/v1/documents","ConnectionId":"0HNJN0JF5TAP4","MachineName":"INLPF5TEKBD","ThreadId":15}
2026-03-01 01:37:16.257 +05:30 [INF] [1303f5aa] HTTP GET /api/v1/documents responded 200 in 26ms {"SourceContext":"MyAccount.Shared.Logging.LoggingMiddleware","RequestId":"0HNJN0JF5TAP4:00000010","RequestPath":"/api/v1/documents","ConnectionId":"0HNJN0JF5TAP4","MachineName":"INLPF5TEKBD","ThreadId":15}
2026-03-01 01:37:20.102 +05:30 [INF] [0d19a585] HTTP OPTIONS /api/v1/games started {"SourceContext":"MyAccount.Shared.Logging.LoggingMiddleware","RequestId":"0HNJN0JF5TAP4:00000011","RequestPath":"/api/v1/games","ConnectionId":"0HNJN0JF5TAP4","MachineName":"INLPF5TEKBD","ThreadId":14}
2026-03-01 01:37:20.119 +05:30 [INF] [0d19a585] HTTP OPTIONS /api/v1/games responded 204 in 17ms {"SourceContext":"MyAccount.Shared.Logging.LoggingMiddleware","RequestId":"0HNJN0JF5TAP4:00000011","RequestPath":"/api/v1/games","ConnectionId":"0HNJN0JF5TAP4","MachineName":"INLPF5TEKBD","ThreadId":14}
2026-03-01 01:37:20.139 +05:30 [INF] [5957451a] HTTP GET /api/v1/games started {"SourceContext":"MyAccount.Shared.Logging.LoggingMiddleware","RequestId":"0HNJN0JF5TAP4:00000012","RequestPath":"/api/v1/games","ConnectionId":"0HNJN0JF5TAP4","MachineName":"INLPF5TEKBD","ThreadId":15}
2026-03-01 01:37:20.157 +05:30 [INF] Getting all games {"SourceContext":"MyAccount.Api.Features.Games.GameEndpoints","RequestId":"0HNJN0JF5TAP4:00000012","RequestPath":"/api/v1/games","ConnectionId":"0HNJN0JF5TAP4","MachineName":"INLPF5TEKBD","ThreadId":15}
2026-03-01 01:37:20.178 +05:30 [INF] [5957451a] HTTP GET /api/v1/games responded 200 in 39ms {"SourceContext":"MyAccount.Shared.Logging.LoggingMiddleware","RequestId":"0HNJN0JF5TAP4:00000012","RequestPath":"/api/v1/games","ConnectionId":"0HNJN0JF5TAP4","MachineName":"INLPF5TEKBD","ThreadId":15}
2026-03-01 01:37:23.300 +05:30 [INF] [b86f966f] HTTP OPTIONS /api/v1/user/profile started {"SourceContext":"MyAccount.Shared.Logging.LoggingMiddleware","RequestId":"0HNJN0JF5TAP4:00000013","RequestPath":"/api/v1/user/profile","ConnectionId":"0HNJN0JF5TAP4","MachineName":"INLPF5TEKBD","ThreadId":14}
2026-03-01 01:37:23.321 +05:30 [INF] [b86f966f] HTTP OPTIONS /api/v1/user/profile responded 204 in 20ms {"SourceContext":"MyAccount.Shared.Logging.LoggingMiddleware","RequestId":"0HNJN0JF5TAP4:00000013","RequestPath":"/api/v1/user/profile","ConnectionId":"0HNJN0JF5TAP4","MachineName":"INLPF5TEKBD","ThreadId":14}
2026-03-01 01:37:23.340 +05:30 [INF] [ab54f0a7] HTTP GET /api/v1/user/profile started {"SourceContext":"MyAccount.Shared.Logging.LoggingMiddleware","RequestId":"0HNJN0JF5TAP4:00000014","RequestPath":"/api/v1/user/profile","ConnectionId":"0HNJN0JF5TAP4","MachineName":"INLPF5TEKBD","ThreadId":14}
2026-03-01 01:37:23.354 +05:30 [INF] [ab54f0a7] HTTP GET /api/v1/user/profile responded 200 in 14ms {"SourceContext":"MyAccount.Shared.Logging.LoggingMiddleware","RequestId":"0HNJN0JF5TAP4:00000014","RequestPath":"/api/v1/user/profile","ConnectionId":"0HNJN0JF5TAP4","MachineName":"INLPF5TEKBD","ThreadId":14}
2026-03-01 01:37:24.194 +05:30 [INF] [95f3b647] HTTP OPTIONS /api/v1/games started {"SourceContext":"MyAccount.Shared.Logging.LoggingMiddleware","RequestId":"0HNJN0JF5TAP4:00000015","RequestPath":"/api/v1/games","ConnectionId":"0HNJN0JF5TAP4","MachineName":"INLPF5TEKBD","ThreadId":16}
2026-03-01 01:37:24.216 +05:30 [INF] [95f3b647] HTTP OPTIONS /api/v1/games responded 204 in 22ms {"SourceContext":"MyAccount.Shared.Logging.LoggingMiddleware","RequestId":"0HNJN0JF5TAP4:00000015","RequestPath":"/api/v1/games","ConnectionId":"0HNJN0JF5TAP4","MachineName":"INLPF5TEKBD","ThreadId":16}
2026-03-01 01:37:24.243 +05:30 [INF] [c7c50885] HTTP GET /api/v1/games started {"SourceContext":"MyAccount.Shared.Logging.LoggingMiddleware","RequestId":"0HNJN0JF5TAP4:00000016","RequestPath":"/api/v1/games","ConnectionId":"0HNJN0JF5TAP4","MachineName":"INLPF5TEKBD","ThreadId":15}
2026-03-01 01:37:24.259 +05:30 [INF] Getting all games {"SourceContext":"MyAccount.Api.Features.Games.GameEndpoints","RequestId":"0HNJN0JF5TAP4:00000016","RequestPath":"/api/v1/games","ConnectionId":"0HNJN0JF5TAP4","MachineName":"INLPF5TEKBD","ThreadId":15}
2026-03-01 01:37:24.274 +05:30 [INF] [c7c50885] HTTP GET /api/v1/games responded 200 in 30ms {"SourceContext":"MyAccount.Shared.Logging.LoggingMiddleware","RequestId":"0HNJN0JF5TAP4:00000016","RequestPath":"/api/v1/games","ConnectionId":"0HNJN0JF5TAP4","MachineName":"INLPF5TEKBD","ThreadId":15}
